  Running UnrealBuildTool: dotnet "..\..\Engine\Binaries\DotNET\UnrealBuildTool\UnrealBuildTool.dll" UnrealTDEditor Win64 Development -Project="C:\Users\Missen\OneDrive\Dokumenter\GitHub\UnrealTowerDefense\UnrealTD\UnrealTD.uproject" -WaitMutex -FromMsBuild
  Log file: C:\Users\Missen\AppData\Local\UnrealBuildTool\Log.txt
  Using 'git status' to determine working set for adaptive non-unity build (C:\Users\Missen\OneDrive\Dokumenter\GitHub\UnrealTowerDefense).
  Building UnrealTDEditor...
  Using Visual Studio 2022 14.33.31631 toolchain (C:\Program Files\Microsoft Visual Studio\2022\Community\VC\Tools\MSVC\14.33.31629) and Windows 10.0.22621.0 SDK (C:\Program Files (x86)\Windows Kits\10).
  [Upgrade]
  [Upgrade] Using backward-compatible include order. The latest version of UE has changed the order of includes, which may require code changes. The current setting is:
  [Upgrade]     IncludeOrderVersion = EngineIncludeOrderVersion.Unreal5_0
  [Upgrade] Suppress this message by setting 'IncludeOrderVersion = EngineIncludeOrderVersion.Unreal5_1;' in UnrealTDEditor.Target.cs.
  [Upgrade] Alternatively you can set this to 'EngineIncludeOrderVersion.Latest' to always use the latest include order. This will potentially cause compile errors when integrating new versions of the engine.
  [Upgrade]
  Determining max actions to execute in parallel (8 physical cores, 16 logical cores)
    Executing up to 8 processes, one per physical core
  Building 11 actions with 8 processes...
  [1/11] Resource Default.rc2
  [2/11] Compile SharedPCH.Engine.ShadowErrors.InclOrderUnreal5_0.cpp
  [3/11] Compile UnrealTD.init.gen.cpp
  [4/11] Compile UnrealTD.cpp
  [5/11] Compile MyActorComponent.gen.cpp
  [6/11] Compile HealthComponent.gen.cpp
  [7/11] Compile MyActorComponent.cpp
  [8/11] Compile HealthComponent.cpp
  [9/11] Link UnrealEditor-UnrealTD.lib
     Creating library C:\Users\Missen\OneDrive\Dokumenter\GitHub\UnrealTowerDefense\UnrealTD\Intermediate\Build\Win64\UnrealEditor\Development\UnrealTD\UnrealEditor-UnrealTD.lib and object C:\Users\Missen\OneDrive\Dokumenter\GitHub\UnrealTowerDefense\UnrealTD\Intermediate\Build\Win64\UnrealEditor\Development\UnrealTD\UnrealEditor-UnrealTD.exp
  [10/11] Link UnrealEditor-UnrealTD.dll
     Creating library C:\Users\Missen\OneDrive\Dokumenter\GitHub\UnrealTowerDefense\UnrealTD\Intermediate\Build\Win64\UnrealEditor\Development\UnrealTD\UnrealEditor-UnrealTD.suppressed.lib and object C:\Users\Missen\OneDrive\Dokumenter\GitHub\UnrealTowerDefense\UnrealTD\Intermediate\Build\Win64\UnrealEditor\Development\UnrealTD\UnrealEditor-UnrealTD.suppressed.exp
  [11/11] WriteMetadata UnrealTDEditor.target
  Total time in Parallel executor: 48.25 seconds
  Total execution time: 49.05 seconds
